[2026-03-06 22:00:25] [INFO] Sample data initialized.
[2026-03-06 22:00:43] [INFO] Clone sync completed from OneDrive/local sources.
[2026-03-06 22:00:44] [INFO] Indexes rebuilt.
[2026-03-06 22:01:50] [INFO] Sample data initialized.
[2026-03-06 22:01:50] [INFO] Clone sync completed from OneDrive/local sources.
[2026-03-06 22:01:50] [INFO] Indexes rebuilt.
[2026-03-06 22:02:27] [INFO] Sample data initialized.
[2026-03-06 22:02:27] [INFO] Clone sync completed from OneDrive/local sources.
[2026-03-06 22:02:27] [INFO] Indexes rebuilt.
[2026-03-06 22:02:45] [INFO] Review data written back to OneDrive source ledger.
[2026-03-06 22:09:30] [INFO] Sample data initialized.
[2026-03-06 22:09:30] [INFO] Clone sync completed from OneDrive/local sources.
[2026-03-06 22:09:30] [INFO] Indexes rebuilt.
[2026-03-06 22:09:32] [INFO] Clone sync completed from OneDrive/local sources.
[2026-03-06 22:09:33] [INFO] Indexes rebuilt.
[2026-03-06 22:14:08] [INFO] Clone sync completed from OneDrive/local sources.
[2026-03-06 22:14:09] [INFO] Indexes rebuilt.
[2026-03-06 22:14:57] [INFO] Clone sync completed from OneDrive/local sources.
[2026-03-06 22:14:57] [INFO] Indexes rebuilt.
[2026-03-06 22:15:15] [INFO] Review data written back to OneDrive source ledger.
[2026-03-06 22:17:18] [INFO] Clone sync completed from OneDrive/local sources.
[2026-03-06 22:17:18] [INFO] Indexes rebuilt.
[2026-03-06 22:17:35] [INFO] Clone sync completed from OneDrive/local sources.
[2026-03-06 22:17:35] [INFO] Indexes rebuilt.
[2026-03-06 22:20:45] [WARN] Outlook folder not found: Inbox
[2026-03-06 22:20:45] [INFO] Outlook export completed.
[2026-03-06 22:20:45] [INFO] Clone sync completed from OneDrive/local sources.
[2026-03-06 22:20:45] [INFO] Indexes rebuilt.
[2026-03-06 22:21:49] [WARN] Outlook folder not found: Inbox
[2026-03-06 22:21:49] [INFO] Outlook export completed.
[2026-03-06 22:21:49] [INFO] Clone sync completed from OneDrive/local sources.
[2026-03-06 22:21:49] [INFO] Indexes rebuilt.
